<?xml version="1.0" encoding="UTF-8"?>
<!-- Generated by org.testng.reporters.JUnitReportReporter -->
<testsuite hostname="sandeep" failures="0" tests="1" name="orderCompletion.CreateNewAccount" time="17.210" errors="0" timestamp="2024-03-06T11:09:25 IST" skipped="0">
  <testcase classname="orderCompletion.CreateNewAccount" name="newAccount" time="17.210"/>
</testsuite> <!-- orderCompletion.CreateNewAccount -->
